<?xml version="1.0" encoding="UTF-8"?>
<!-- Generated by org.testng.reporters.JUnitReportReporter -->
<testsuite hostname="ATMECSINLT-044" failures="0" tests="1" name="com.atmecs.NinjaStore.testscripts.HeatClinicMerchandise" time="13.189" errors="0" timestamp="14 Nov 2019 11:01:07 GMT" skipped="0">
  <testcase classname="com.atmecs.NinjaStore.testscripts.HeatClinicMerchandise" name="validateMenuFields" time="13.189"/>
</testsuite> <!-- com.atmecs.NinjaStore.testscripts.HeatClinicMerchandise -->
