<?xml version="1.0" encoding="UTF-8"?>
<!-- Generated by org.testng.reporters.JUnitReportReporter -->
<testsuite hostname="ATMECSINLT-044" failures="0" tests="1" name="com.atmecs.NinjaStore.testscripts.NinjaStoreRetailApplication" time="68.610" errors="0" timestamp="12 Nov 2019 13:48:32 GMT" skipped="0">
  <testcase classname="com.atmecs.NinjaStore.testscripts.NinjaStoreRetailApplication" name="testcase1" time="68.610"/>
</testsuite> <!-- com.atmecs.NinjaStore.testscripts.NinjaStoreRetailApplication -->
